0 info it worked if it ends with ok
1 verbose cli [ 'node', '/usr/local/bin/npm', 'install', '-g', 'grunt' ]
2 info using npm@2.1.16
3 info using node@v0.10.35
4 verbose node symlink /usr/bin/node
5 silly cache add args [ 'grunt', null ]
6 verbose cache add spec grunt
7 silly cache add parsed spec { raw: 'grunt',
7 silly cache add   scope: null,
7 silly cache add   name: 'grunt',
7 silly cache add   rawSpec: '',
7 silly cache add   spec: '*',
7 silly cache add   type: 'range' }
8 verbose addNamed grunt@*
9 silly addNamed semver.valid null
10 silly addNamed semver.validRange *
11 silly addNameRange { name: 'grunt', range: '*', hasData: false }
12 silly mapToRegistry name grunt
13 silly mapToRegistry using default registry
14 silly mapToRegistry registry https://registry.npmjs.org/
15 silly mapToRegistry uri https://registry.npmjs.org/grunt
16 verbose addNameRange registry:https://registry.npmjs.org/grunt not in flight; fetching
17 verbose request uri https://registry.npmjs.org/grunt
18 verbose request no auth needed
19 info attempt registry request try #1 at 20:07:09
20 verbose request id fa95f11c50d236c5
21 verbose etag "9YXYT82DHNZ9OAS5M69GN9VEA"
22 http request GET https://registry.npmjs.org/grunt
23 http 304 https://registry.npmjs.org/grunt
24 silly get cb [ 304,
24 silly get   { date: 'Mon, 29 Dec 2014 19:07:09 GMT',
24 silly get     server: 'Apache',
24 silly get     via: '1.1 varnish',
24 silly get     'last-modified': 'Mon, 29 Dec 2014 19:07:09 GMT',
24 silly get     'cache-control': 'max-age=60',
24 silly get     etag: '"9YXYT82DHNZ9OAS5M69GN9VEA"',
24 silly get     age: '0',
24 silly get     'x-served-by': 'cache-fra1235-FRA',
24 silly get     'x-cache': 'HIT',
24 silly get     'x-cache-hits': '1',
24 silly get     'x-timer': 'S1419880029.482667,VS0,VE167',
24 silly get     vary: 'Accept',
24 silly get     'content-length': '0',
24 silly get     'keep-alive': 'timeout=10, max=50',
24 silly get     connection: 'Keep-Alive' } ]
25 verbose etag https://registry.npmjs.org/grunt from cache
26 silly addNameRange number 2 { name: 'grunt', range: '*', hasData: true }
27 silly addNameRange versions [ 'grunt',
27 silly addNameRange   [ '0.1.0',
27 silly addNameRange     '0.1.1',
27 silly addNameRange     '0.1.2',
27 silly addNameRange     '0.2.0',
27 silly addNameRange     '0.2.1',
27 silly addNameRange     '0.2.2',
27 silly addNameRange     '0.2.3',
27 silly addNameRange     '0.2.4',
27 silly addNameRange     '0.2.5',
27 silly addNameRange     '0.2.6',
27 silly addNameRange     '0.2.7',
27 silly addNameRange     '0.2.8',
27 silly addNameRange     '0.2.9',
27 silly addNameRange     '0.2.10',
27 silly addNameRange     '0.2.11',
27 silly addNameRange     '0.2.12',
27 silly addNameRange     '0.2.13',
27 silly addNameRange     '0.2.14',
27 silly addNameRange     '0.2.15',
27 silly addNameRange     '0.3.0',
27 silly addNameRange     '0.3.1',
27 silly addNameRange     '0.3.2',
27 silly addNameRange     '0.3.3',
27 silly addNameRange     '0.3.4',
27 silly addNameRange     '0.3.5',
27 silly addNameRange     '0.3.6',
27 silly addNameRange     '0.3.7',
27 silly addNameRange     '0.3.8',
27 silly addNameRange     '0.3.9',
27 silly addNameRange     '0.3.10',
27 silly addNameRange     '0.3.11',
27 silly addNameRange     '0.3.12',
27 silly addNameRange     '0.3.13',
27 silly addNameRange     '0.3.14',
27 silly addNameRange     '0.3.15',
27 silly addNameRange     '0.3.16',
27 silly addNameRange     '0.3.17',
27 silly addNameRange     '0.4.0',
27 silly addNameRange     '0.4.1',
27 silly addNameRange     '0.4.2',
27 silly addNameRange     '0.4.3',
27 silly addNameRange     '0.4.4',
27 silly addNameRange     '0.4.5',
27 silly addNameRange     '0.3.13-a',
27 silly addNameRange     '0.4.0-a',
27 silly addNameRange     '0.4.0-rc1',
27 silly addNameRange     '0.4.0-rc2',
27 silly addNameRange     '0.4.0-rc3',
27 silly addNameRange     '0.4.0-rc4',
27 silly addNameRange     '0.4.0-rc5',
27 silly addNameRange     '0.4.0-rc6',
27 silly addNameRange     '0.4.0-rc7',
27 silly addNameRange     '0.4.0-rc8' ] ]
28 verbose addNamed grunt@0.4.5
29 silly addNamed semver.valid 0.4.5
30 silly addNamed semver.validRange 0.4.5
31 silly cache afterAdd grunt@0.4.5
32 verbose afterAdd /home/heroku/.npm/grunt/0.4.5/package/package.json not in flight; writing
33 verbose afterAdd /home/heroku/.npm/grunt/0.4.5/package/package.json written
34 silly install resolved [ { name: 'grunt',
34 silly install resolved     description: 'The JavaScript Task Runner',
34 silly install resolved     version: '0.4.5',
34 silly install resolved     author: { name: '"Cowboy" Ben Alman', url: 'http://benalman.com/' },
34 silly install resolved     homepage: 'http://gruntjs.com/',
34 silly install resolved     repository: { type: 'git', url: 'git://github.com/gruntjs/grunt.git' },
34 silly install resolved     bugs: { url: 'http://github.com/gruntjs/grunt/issues' },
34 silly install resolved     licenses: [ [Object] ],
34 silly install resolved     main: 'lib/grunt',
34 silly install resolved     scripts: { test: 'grunt test' },
34 silly install resolved     engines: { node: '>= 0.8.0' },
34 silly install resolved     keywords:
34 silly install resolved      [ 'task',
34 silly install resolved        'async',
34 silly install resolved        'cli',
34 silly install resolved        'minify',
34 silly install resolved        'uglify',
34 silly install resolved        'build',
34 silly install resolved        'lodash',
34 silly install resolved        'unit',
34 silly install resolved        'test',
34 silly install resolved        'qunit',
34 silly install resolved        'nodeunit',
34 silly install resolved        'server',
34 silly install resolved        'init',
34 silly install resolved        'scaffold',
34 silly install resolved        'make',
34 silly install resolved        'jake',
34 silly install resolved        'tool' ],
34 silly install resolved     dependencies:
34 silly install resolved      { async: '~0.1.22',
34 silly install resolved        'coffee-script': '~1.3.3',
34 silly install resolved        colors: '~0.6.2',
34 silly install resolved        dateformat: '1.0.2-1.2.3',
34 silly install resolved        eventemitter2: '~0.4.13',
34 silly install resolved        'findup-sync': '~0.1.2',
34 silly install resolved        glob: '~3.1.21',
34 silly install resolved        hooker: '~0.2.3',
34 silly install resolved        'iconv-lite': '~0.2.11',
34 silly install resolved        minimatch: '~0.2.12',
34 silly install resolved        nopt: '~1.0.10',
34 silly install resolved        rimraf: '~2.2.8',
34 silly install resolved        lodash: '~0.9.2',
34 silly install resolved        'underscore.string': '~2.2.1',
34 silly install resolved        which: '~1.0.5',
34 silly install resolved        'js-yaml': '~2.0.5',
34 silly install resolved        exit: '~0.1.1',
34 silly install resolved        getobject: '~0.1.0',
34 silly install resolved        'grunt-legacy-util': '~0.2.0',
34 silly install resolved        'grunt-legacy-log': '~0.1.0' },
34 silly install resolved     devDependencies:
34 silly install resolved      { temporary: '~0.0.4',
34 silly install resolved        'grunt-contrib-jshint': '~0.6.4',
34 silly install resolved        'grunt-contrib-nodeunit': '~0.2.0',
34 silly install resolved        'grunt-contrib-watch': '~0.5.3',
34 silly install resolved        difflet: '~0.2.3',
34 silly install resolved        semver: '2.1.0',
34 silly install resolved        shelljs: '~0.2.5' },
34 silly install resolved     _id: 'grunt@0.4.5',
34 silly install resolved     dist:
34 silly install resolved      { shasum: '56937cd5194324adff6d207631832a9d6ba4e7f0',
34 silly install resolved        tarball: 'http://registry.npmjs.org/grunt/-/grunt-0.4.5.tgz' },
34 silly install resolved     _from: 'grunt@*',
34 silly install resolved     _npmVersion: '1.4.4',
34 silly install resolved     _npmUser: { name: 'cowboy', email: 'cowboy@rj3.net' },
34 silly install resolved     maintainers: [ [Object], [Object] ],
34 silly install resolved     directories: {},
34 silly install resolved     _shasum: '56937cd5194324adff6d207631832a9d6ba4e7f0',
34 silly install resolved     _resolved: 'https://registry.npmjs.org/grunt/-/grunt-0.4.5.tgz',
34 silly install resolved     readme: 'ERROR: No README data found!' } ]
35 info install grunt@0.4.5 into /home/heroku/npm/lib
36 info installOne grunt@0.4.5
37 verbose installOne of grunt to /home/heroku/npm/lib not in flight; installing
38 verbose lock using /home/heroku/.npm/_locks/grunt-f2abe9dbdcd221cc.lock for /home/heroku/npm/lib/node_modules/grunt
39 silly install write writing grunt 0.4.5 to /home/heroku/npm/lib/node_modules/grunt
40 silly cache addNamed cb grunt@0.4.5
41 verbose unbuild lib/node_modules/grunt
42 info preuninstall grunt@0.4.5
43 info uninstall grunt@0.4.5
44 verbose unbuild rmStuff grunt@0.4.5 from /home/heroku/npm/lib/node_modules
45 info postuninstall grunt@0.4.5
46 verbose gentlyRm vacuuming /home/heroku/npm/lib/node_modules/grunt
47 silly gentlyRm purging /home/heroku/npm/lib/node_modules/grunt
48 verbose unlock done using /home/heroku/.npm/_locks/grunt-f2abe9dbdcd221cc.lock for /home/heroku/npm/lib/node_modules/grunt
49 verbose stack Error: EACCES, unlink '/home/heroku/npm/lib/node_modules/grunt/.npmignore'
50 verbose cwd /home/heroku/Development/Java/data/Abwesenheitsmngr
51 error Linux 3.13.0-43-generic
52 error argv "node" "/usr/local/bin/npm" "install" "-g" "grunt"
53 error node v0.10.35
54 error npm  v2.1.16
55 error path /home/heroku/npm/lib/node_modules/grunt/.npmignore
56 error code EACCES
57 error errno 3
58 error Error: EACCES, unlink '/home/heroku/npm/lib/node_modules/grunt/.npmignore'
58 error  { [Error: EACCES, unlink '/home/heroku/npm/lib/node_modules/grunt/.npmignore']
58 error   errno: 3,
58 error   code: 'EACCES',
58 error   path: '/home/heroku/npm/lib/node_modules/grunt/.npmignore' }
59 error Please try running this command again as root/Administrator.
60 verbose exit [ 3, true ]
61 verbose unbuild lib/node_modules/grunt
62 info preuninstall grunt@0.4.5
63 info uninstall grunt@0.4.5
64 verbose unbuild rmStuff grunt@0.4.5 from /home/heroku/npm/lib/node_modules
65 info postuninstall grunt@0.4.5
66 verbose gentlyRm vacuuming /home/heroku/npm/lib/node_modules/grunt
67 silly gentlyRm purging /home/heroku/npm/lib/node_modules/grunt
68 error error rolling back Error: EACCES, unlink '/home/heroku/npm/lib/node_modules/grunt/.npmignore'
68 error error rolling back  { [Error: EACCES, unlink '/home/heroku/npm/lib/node_modules/grunt/.npmignore']
68 error error rolling back   errno: 3,
68 error error rolling back   code: 'EACCES',
68 error error rolling back   path: '/home/heroku/npm/lib/node_modules/grunt/.npmignore' }
